Flutter crash report; please file at https://github.com/flutter/flutter/issues.

## command

flutter emulators --launch pi

## exception

ProcessException: ProcessException: Process exited abnormally:
emulator: ERROR: Running multiple emulators with the same AVD is an experimental feature.
Please use -read-only flag to enable this feature.
  Command: C:\Users\HP\AppData\Local\Android\sdk\emulator\emulator.exe -avd Pi

```
#0      RunResult.throwException (package:flutter_tools/src/base/process.dart:141:5)
#1      _DefaultProcessUtils.run (package:flutter_tools/src/base/process.dart:275:19)
<asynchronous suspension>
#2      AndroidEmulator.launch (package:flutter_tools/src/android/android_emulator.dart:52:52)
#3      EmulatorsCommand._launchEmulator (package:flutter_tools/src/commands/emulators.dart:74:31)
<asynchronous suspension>
#4      EmulatorsCommand.runCommand (package:flutter_tools/src/commands/emulators.dart:47:13)
#5      FlutterCommand.verifyThenRunCommand (package:flutter_tools/src/runner/flutter_command.dart:615:18)
<asynchronous suspension>
#6      FlutterCommand.run.<anonymous closure> (package:flutter_tools/src/runner/flutter_command.dart:515:33)
<asynchronous suspension>
#7      AppContext.run.<anonymous closure> (package:flutter_tools/src/base/context.dart:146:29)
#8      _rootRun (dart:async/zone.dart:1126:13)
#9      _CustomZone.run (dart:async/zone.dart:1023:19)
#10     _runZoned (dart:async/zone.dart:1518:10)
#11     runZoned (dart:async/zone.dart:1465:12)
#12     AppContext.run (package:flutter_tools/src/base/context.dart:145:18)
#13     FlutterCommand.run (package:flutter_tools/src/runner/flutter_command.dart:505:20)
#14     CommandRunner.runCommand (package:args/command_runner.dart:197:27)
#15     FlutterCommandRunner.runCommand.<anonymous closure> (package:flutter_tools/src/runner/flutter_command_runner.dart:413:21)
<asynchronous suspension>
#16     AppContext.run.<anonymous closure> (package:flutter_tools/src/base/context.dart:146:29)
#17     _rootRun (dart:async/zone.dart:1126:13)
#18     _CustomZone.run (dart:async/zone.dart:1023:19)
#19     _runZoned (dart:async/zone.dart:1518:10)
#20     runZoned (dart:async/zone.dart:1465:12)
#21     AppContext.run (package:flutter_tools/src/base/context.dart:145:18)
#22     FlutterCommandRunner.runCommand (package:flutter_tools/src/runner/flutter_command_runner.dart:364:19)
#23     CommandRunner.run.<anonymous closure> (package:args/command_runner.dart:112:25)
#24     new Future.sync (dart:async/future.dart:224:31)
#25     CommandRunner.run (package:args/command_runner.dart:112:14)
#26     FlutterCommandRunner.run (package:flutter_tools/src/runner/flutter_command_runner.dart:250:18)
#27     run.<anonymous closure>.<anonymous closure> (package:flutter_tools/runner.dart:63:22)
#28     _rootRun (dart:async/zone.dart:1126:13)
#29     _CustomZone.run (dart:async/zone.dart:1023:19)
#30     _runZoned (dart:async/zone.dart:1518:10)
#31     runZoned (dart:async/zone.dart:1502:12)
#32     run.<anonymous closure> (package:flutter_tools/runner.dart:61:18)
<asynchronous suspension>
#33     AppContext.run.<anonymous closure> (package:flutter_tools/src/base/context.dart:146:29)
#34     _rootRun (dart:async/zone.dart:1126:13)
#35     _CustomZone.run (dart:async/zone.dart:1023:19)
#36     _runZoned (dart:async/zone.dart:1518:10)
#37     runZoned (dart:async/zone.dart:1465:12)
#38     AppContext.run (package:flutter_tools/src/base/context.dart:145:18)
#39     runInContext (package:flutter_tools/src/context_runner.dart:64:24)
#40     run (package:flutter_tools/runner.dart:50:10)
#41     main (package:flutter_tools/executable.dart:65:9)
#42     main (file:///C:/b/s/w/ir/k/archive/flutter/packages/flutter_tools/bin/flutter_tools.dart:8:3)
#43     _startIsolate.<anonymous closure> (dart:isolate-patch/isolate_patch.dart:305:32)
#44     _RawReceivePortImpl._handleMessage (dart:isolate-patch/isolate_patch.dart:174:12)
```

## flutter doctor

```
[32m[✓][39m Flutter (Channel stable, v1.12.13+hotfix.8, on Microsoft Windows [Version 10.0.18363.719], locale en-MS)
    [32m•[39m Flutter version 1.12.13+hotfix.8 at E:\flutter
    [32m•[39m Framework revision 0b8abb4724 (5 weeks ago), 2020-02-11 11:44:36 -0800
    [32m•[39m Engine revision e1e6ced81d
    [32m•[39m Dart version 2.7.0

[33m[!][39m Android toolchain - develop for Android devices (Android SDK version 28.0.3)
    [32m•[39m Android SDK at C:\Users\HP\AppData\Local\Android\sdk
    [32m•[39m Android NDK location not configured (optional; useful for native profiling support)
    [32m•[39m Platform android-28, build-tools 28.0.3
    [32m•[39m Java binary at: D:\Andstu\jre\bin\java
    [32m•[39m Java version OpenJDK Runtime Environment (build 1.8.0_212-release-1586-b04)
    [31m✗[39m Android license status unknown.
      Try re-installing or updating your Android SDK Manager.
      See https://developer.android.com/studio/#downloads or visit https://flutter.dev/setup/#android-setup for detailed instructions.

[32m[✓][39m Android Studio (version 3.6)
    [32m•[39m Android Studio at D:\Andstu
    [32m•[39m Flutter plugin version 44.0.2
    [32m•[39m Dart plugin version 192.7761
    [32m•[39m Java version OpenJDK Runtime Environment (build 1.8.0_212-release-1586-b04)

[32m[✓][39m VS Code, 64-bit edition (version 1.42.1)
    [32m•[39m VS Code at C:\Program Files\Microsoft VS Code
    [32m•[39m Flutter extension version 3.8.1

[32m[✓][39m Connected device (1 available)
    [32m•[39m Android SDK built for x86 64 • emulator-5554 • android-x64 • Android 6.0 (API 23) (emulator)

[33m![39m Doctor found issues in 1 category.
```
